<?xml version="1.0" encoding="UTF-8"?>
<!-- Generated by org.testng.reporters.JUnitReportReporter -->
<testsuite hostname="DESKTOP-I4QDLMG" name="testcases.HomePageTest" tests="1" failures="0" timestamp="6 Feb 2020 14:50:04 GMT" time="16.961" errors="0">
  <testcase name="searchLaptop" time="16.961" classname="testcases.HomePageTest"/>
</testsuite> <!-- testcases.HomePageTest -->
